[samfaipath] build FASTA index...
[M::mm_idx_gen::0.323*1.01] collected minimizers
[M::mm_idx_gen::0.511*1.01] sorted minimizers
[M::main::0.512*1.01] loaded/built the index for 87 target sequence(s)
[M::mm_mapopt_update::0.538*1.01] mid_occ = 19
[M::mm_idx_stat] kmer size: 15; skip: 10; is_hpc: 0; #seq: 87
[M::mm_idx_stat::0.556*1.01] distinct minimizers: 2830838 (92.22% are singletons); average occurrences: 1.121; average spacing: 5.333; total length: 16927711
[M::worker_pipeline::503.025*0.99] mapped 76972 sequences
[M::worker_pipeline::853.763*0.99] mapped 140649 sequences
[M::worker_pipeline::1351.363*0.97] mapped 91065 sequences
[M::worker_pipeline::1655.987*0.98] mapped 91725 sequences
[M::worker_pipeline::2117.001*0.97] mapped 279639 sequences
[M::worker_pipeline::2512.301*0.97] mapped 93298 sequences
[M::worker_pipeline::2884.481*0.97] mapped 71992 sequences
[M::worker_pipeline::3224.046*0.97] mapped 75570 sequences
[M::worker_pipeline::3623.836*0.96] mapped 70206 sequences
[M::worker_pipeline::4109.264*0.97] mapped 74838 sequences
[M::worker_pipeline::4135.656*0.97] mapped 2908 sequences
[M::main] Version: 2.24-r1155-dirty
[M::main] CMD: flye-minimap2 -x map-ont -t 1 -a -p 0.5 -N 10 --sam-hit-only -L -K 1G -z 1000 -Q --secondary-seq -I 64G /home/magu2329/Genome_Analysis/Genome-analysis-project/analysis/assembly/flye_results/30-contigger/contigs.fasta /crex/proj/uppmax2026-1-61/Genome_Analysis/2_Zhou_2023/reads/genomics_chr3_data/chr3_clean_nanopore.fq.gz
[M::main] Real time: 4135.735 sec; CPU: 4002.959 sec; Peak RSS: 2.605 GB
[bam_sort_core] merging from 16 files and 4 in-memory blocks...
