[2026-04-14 11:08:12] DEBUG: Build date: Jun 11 2025 16:53:07
[2026-04-14 11:08:12] DEBUG: Total RAM: 754 Gb
[2026-04-14 11:08:12] DEBUG: Available RAM: 686 Gb
[2026-04-14 11:08:12] DEBUG: Total CPUs: 96
[2026-04-14 11:08:12] DEBUG: Loading /sw/arch/eb/software/Flye/2.9.6-GCC-13.3.0/lib/python3.12/site-packages/flye/config/bin_cfg/asm_raw_reads.cfg
[2026-04-14 11:08:12] DEBUG: Loading /sw/arch/eb/software/Flye/2.9.6-GCC-13.3.0/lib/python3.12/site-packages/flye/config/bin_cfg/asm_defaults.cfg
[2026-04-14 11:08:12] DEBUG: 	big_genome_threshold=29000000
[2026-04-14 11:08:12] DEBUG: 	meta_read_filter_kmer_freq=100
[2026-04-14 11:08:12] DEBUG: 	chain_large_gap_penalty=2
[2026-04-14 11:08:12] DEBUG: 	chain_small_gap_penalty=0.5
[2026-04-14 11:08:12] DEBUG: 	chain_gap_jump_threshold=100
[2026-04-14 11:08:12] DEBUG: 	max_jump_gap=500
[2026-04-14 11:08:12] DEBUG: 	max_coverage_drop_rate=5
[2026-04-14 11:08:12] DEBUG: 	max_extensions_drop_rate=5
[2026-04-14 11:08:12] DEBUG: 	chimera_window=100
[2026-04-14 11:08:12] DEBUG: 	chimera_overhang=1000
[2026-04-14 11:08:12] DEBUG: 	min_reads_in_disjointig=4
[2026-04-14 11:08:12] DEBUG: 	max_inner_reads=10
[2026-04-14 11:08:12] DEBUG: 	max_inner_fraction=0.25
[2026-04-14 11:08:12] DEBUG: 	aggressive_dup_filter=1
[2026-04-14 11:08:12] DEBUG: 	max_separation=500
[2026-04-14 11:08:12] DEBUG: 	unique_edge_length=50000
[2026-04-14 11:08:12] DEBUG: 	min_repeat_res_support=0.51
[2026-04-14 11:08:12] DEBUG: 	out_paths_ratio=5
[2026-04-14 11:08:12] DEBUG: 	graph_cov_drop_rate=5
[2026-04-14 11:08:12] DEBUG: 	coverage_estimate_window=100
[2026-04-14 11:08:12] DEBUG: 	max_bubble_length=50000
[2026-04-14 11:08:12] DEBUG: 	loop_coverage_rate=1.5
[2026-04-14 11:08:12] DEBUG: 	repeat_edge_cov_mult=1.75
[2026-04-14 11:08:12] DEBUG: 	weak_detach_rate=5
[2026-04-14 11:08:12] DEBUG: 	tip_coverage_rate=2
[2026-04-14 11:08:12] DEBUG: 	tip_length_rate=2
[2026-04-14 11:08:12] DEBUG: 	output_gfa_before_rr=1
[2026-04-14 11:08:12] DEBUG: 	remove_alt_edges=0
[2026-04-14 11:08:12] DEBUG: 	low_cutoff_warning=1
[2026-04-14 11:08:12] DEBUG: 	kmer_size=17
[2026-04-14 11:08:12] DEBUG: 	use_minimizers=0
[2026-04-14 11:08:12] DEBUG: 	reads_base_alignment=0
[2026-04-14 11:08:12] DEBUG: 	meta_read_top_kmer_rate=0.40
[2026-04-14 11:08:12] DEBUG: 	maximum_jump=1500
[2026-04-14 11:08:12] DEBUG: 	maximum_overhang=1500
[2026-04-14 11:08:12] DEBUG: 	repeat_kmer_rate=100
[2026-04-14 11:08:12] DEBUG: 	assemble_ovlp_divergence=0.10
[2026-04-14 11:08:12] DEBUG: 	assemble_divergence_relative=1
[2026-04-14 11:08:12] DEBUG: 	repeat_graph_ovlp_divergence=0.08
[2026-04-14 11:08:12] DEBUG: 	read_align_ovlp_divergence=0.25
[2026-04-14 11:08:12] DEBUG: 	hpc_scoring_on=0
[2026-04-14 11:08:12] DEBUG: 	add_unassembled_reads=0
[2026-04-14 11:08:12] DEBUG: 	extend_contigs_with_repeats=0
[2026-04-14 11:08:12] DEBUG: 	min_read_cov_cutoff=3
[2026-04-14 11:08:12] DEBUG: 	short_tip_length=20000
[2026-04-14 11:08:12] DEBUG: 	long_tip_length=100000
[2026-04-14 11:08:12] DEBUG: Running with k-mer size: 17
[2026-04-14 11:08:12] DEBUG: Selected minimum overlap 7000
[2026-04-14 11:08:12] DEBUG: Metagenome mode: N
[2026-04-14 11:08:12] INFO: Parsing disjointigs
[2026-04-14 11:08:12] DEBUG: Building positional index
[2026-04-14 11:08:12] DEBUG: Total sequence: 21288102 bp
[2026-04-14 11:08:12] INFO: Building repeat graph
[2026-04-14 11:08:22] DEBUG: Mean k-mer frequency: 1.27235
[2026-04-14 11:08:22] DEBUG: Repetitive k-mer frequency: 127
[2026-04-14 11:08:22] DEBUG: Filtered 10986 repetitive k-mers (0.000516085)
[2026-04-14 11:08:28] DEBUG: Sorting k-mer index
[2026-04-14 11:08:29] DEBUG: Selected k-mers: 16730610
[2026-04-14 11:08:29] DEBUG: K-mer index size: 21276215
[2026-04-14 11:08:29] DEBUG: Mean k-mer frequency: 1.27169
[2026-04-14 11:08:29] DEBUG: Minimizer rate: 1.00056
[2026-04-14 11:09:05] DEBUG: Computing transitive closure for overlaps
[2026-04-14 11:09:05] DEBUG: Found 1410 overlaps
[2026-04-14 11:09:05] DEBUG: Left 576 overlaps after filtering
[2026-04-14 11:09:05] INFO: Median overlap divergence: 0.0710152
[2026-04-14 11:09:05] DEBUG: Sequence divergence distribution: 

    |         *      |                                                                                   
    |         *      |                                                                                   
    |      *  *      |                                                                                   
    |      *  *      |                                                                                   
    |      *  *      |                                                                                   
    |      *  *      |                                                                                   
    |      ** *      |                                                                                   
    |      ** *  *   |                                                                                   
    |      ** *  *   |                                                                                   
    |      ****  *   |                                                                                   
    |     *****  * * |                                                                                   
    |     *****  * * |*                                                                                  
    |   * ****** *** |*  *                                                                               
    |   * ***********|*  *     *                                                                         
    |   * ***********|****     *                                                                         
    |  ** ***********|****  *  *    **    *      *                                                       
    | ***************|****  ** *    **    *    * **                                                      
    | ********************* **** * *** ******* * ** *                                                    
    | ********************* **** ***** ************ * *  *     *                                         
    |************************************************** **  ** *  *   *                                  
    ----------------------------------------------------------------------------------------------------
    0%        5%        10%       15%       20%       25%       30%       35%       40%       45%       

    Q25 = 0.041, Q50 = 0.071, Q75 = 0.13

[2026-04-14 11:09:05] DEBUG: Computing gluepoints
[2026-04-14 11:09:05] DEBUG: Added 2 gluepoint projections
[2026-04-14 11:09:05] DEBUG: Added 0 gluepoint projections
[2026-04-14 11:09:05] DEBUG: Created 1150 gluepoints
[2026-04-14 11:09:05] DEBUG: Artificial loops removed: 0 left, 0 right, 18 both
[2026-04-14 11:09:05] DEBUG: Initializing edges
[2026-04-14 11:09:05] DEBUG: Edges length checksum: 97658961833
[2026-04-14 11:09:05] DEBUG: Filtered 0 singleton segments
[2026-04-14 11:09:05] DEBUG: Removed 0 simple and 0 double chimeric junctions
[2026-04-14 11:09:05] DEBUG: Collapsed 112 edges
[2026-04-14 11:09:05] DEBUG: *	1	+disjointig_1	0	36564	36564	
[2026-04-14 11:09:05] DEBUG:  	291	+disjointig_1	36564	52240	15676	
[2026-04-14 11:09:05] DEBUG: *	9	+disjointig_1	52240	53480	1240	
[2026-04-14 11:09:05] DEBUG: *	292	+disjointig_1	53480	1001144	947664	
[2026-04-14 11:09:05] DEBUG:  	293	+disjointig_1	1001144	1019449	18305	
[2026-04-14 11:09:05] DEBUG: *	20	+disjointig_1	1019449	1023401	3952	
[2026-04-14 11:09:05] DEBUG:  	-293	+disjointig_1	1023401	1041762	18361	
[2026-04-14 11:09:05] DEBUG:  	294	+disjointig_1	1041762	1086710	44948	
[2026-04-14 11:09:05] DEBUG: *	23	+disjointig_1	1086710	1091262	4552	
[2026-04-14 11:09:05] DEBUG: *	295	+disjointig_1	1091262	1443259	351997	
[2026-04-14 11:09:05] DEBUG:  	28	+disjointig_1	1443259	1449814	6555	
[2026-04-14 11:09:05] DEBUG:  	-29	+disjointig_1	1449814	1458405	8591	
[2026-04-14 11:09:05] DEBUG:  	28	+disjointig_1	1458405	1464952	6547	
[2026-04-14 11:09:05] DEBUG:  	-29	+disjointig_1	1464952	1473469	8517	
[2026-04-14 11:09:05] DEBUG:  	28	+disjointig_1	1473469	1479798	6329	
[2026-04-14 11:09:05] DEBUG: *	296	+disjointig_1	1479798	2466761	986963	
[2026-04-14 11:09:05] DEBUG: *	297	+disjointig_1	2466761	2767944	301183	
[2026-04-14 11:09:05] DEBUG: *	298	+disjointig_1	2767944	3046935	278991	
[2026-04-14 11:09:05] DEBUG: *	299	+disjointig_1	3046935	3231013	184078	
[2026-04-14 11:09:05] DEBUG: *	45	+disjointig_1	3231013	3240635	9622	
[2026-04-14 11:09:05] DEBUG: *	300	+disjointig_1	3240635	4066775	826140	
[2026-04-14 11:09:05] DEBUG: *	56	+disjointig_1	4066775	4074841	8066	
[2026-04-14 11:09:05] DEBUG: *	301	+disjointig_1	4074841	4226067	151226	
[2026-04-14 11:09:05] DEBUG: *	60	+disjointig_1	4226067	4236393	10326	
[2026-04-14 11:09:05] DEBUG:  	62	+disjointig_1	4236393	4244314	7921	
[2026-04-14 11:09:05] DEBUG: *	63	+disjointig_1	4244314	4245444	1130	
[2026-04-14 11:09:05] DEBUG: *	302	+disjointig_1	4245444	4541596	296152	
[2026-04-14 11:09:05] DEBUG: *	70	+disjointig_1	4541596	4547718	6122	
[2026-04-14 11:09:05] DEBUG: *	303	+disjointig_1	4547718	5214384	666666	
[2026-04-14 11:09:05] DEBUG:  	76	+disjointig_1	5214384	5216687	2303	
[2026-04-14 11:09:05] DEBUG:  	-77	+disjointig_1	5216687	5223011	6324	
[2026-04-14 11:09:05] DEBUG:  	76	+disjointig_1	5223011	5225303	2292	
[2026-04-14 11:09:05] DEBUG:  	-77	+disjointig_1	5225303	5231545	6242	
[2026-04-14 11:09:05] DEBUG:  	76	+disjointig_1	5231545	5233841	2296	
[2026-04-14 11:09:05] DEBUG: *	78	+disjointig_1	5233841	5280376	46535	
[2026-04-14 11:09:05] DEBUG:  	79	+disjointig_1	5280376	5290927	10551	
[2026-04-14 11:09:05] DEBUG: *	81	+disjointig_1	5290927	5293989	3062	
[2026-04-14 11:09:05] DEBUG:  	-79	+disjointig_1	5293989	5304572	10583	
[2026-04-14 11:09:05] DEBUG: *	304	+disjointig_1	5304572	5362102	57530	
[2026-04-14 11:09:05] DEBUG: *	83	+disjointig_1	5362102	5376475	14373	
[2026-04-14 11:09:05] DEBUG:  	305	+disjointig_1	5376475	5437704	61229	
[2026-04-14 11:09:05] DEBUG:  	90	+disjointig_1	5437704	5444698	6994	
[2026-04-14 11:09:05] DEBUG: *	306	+disjointig_1	5444698	6073537	628839	
[2026-04-14 11:09:05] DEBUG:  	95	+disjointig_1	6073537	6080672	7135	
[2026-04-14 11:09:05] DEBUG: *	307	+disjointig_1	6080672	6206695	126023	
[2026-04-14 11:09:05] DEBUG:  	-87	+disjointig_1	6206695	6217507	10812	
[2026-04-14 11:09:05] DEBUG:  	305	+disjointig_1	6217507	6278915	61408	
[2026-04-14 11:09:05] DEBUG:  	90	+disjointig_1	6278915	6286300	7385	
[2026-04-14 11:09:05] DEBUG: *	101	+disjointig_10	61527	74504	12977	
[2026-04-14 11:09:05] DEBUG: *	105	+disjointig_11	36538	103767	67229	
[2026-04-14 11:09:05] DEBUG:  	108	+disjointig_11	103767	113742	9975	
[2026-04-14 11:09:05] DEBUG: *	110	+disjointig_11	113742	120780	7038	
[2026-04-14 11:09:05] DEBUG:  	112	+disjointig_11	120780	122775	1995	
[2026-04-14 11:09:05] DEBUG: *	71	+disjointig_12	58948	59606	658	
[2026-04-14 11:09:05] DEBUG:  	-87	+disjointig_13	48841	59715	10874	
[2026-04-14 11:09:05] DEBUG: *	86	+disjointig_13	59715	196442	136727	
[2026-04-14 11:09:05] DEBUG:  	119	+disjointig_13	196442	203494	7052	
[2026-04-14 11:09:05] DEBUG: *	121	+disjointig_13	203494	205856	2362	
[2026-04-14 11:09:05] DEBUG:  	-119	+disjointig_13	205856	212912	7056	
[2026-04-14 11:09:05] DEBUG: *	120	+disjointig_13	212912	244959	32047	
[2026-04-14 11:09:05] DEBUG:  	314	+disjointig_14	8634	29278	20644	
[2026-04-14 11:09:05] DEBUG:  	130	+disjointig_14	29278	58861	29583	
[2026-04-14 11:09:05] DEBUG: *	132	+disjointig_14	58861	76360	17499	
[2026-04-14 11:09:05] DEBUG: *	140	+disjointig_15	105262	118289	13027	
[2026-04-14 11:09:05] DEBUG:  	142	+disjointig_15	118289	119526	1237	
[2026-04-14 11:09:05] DEBUG:  	143	+disjointig_15	119526	121946	2420	
[2026-04-14 11:09:05] DEBUG:  	150	+disjointig_16	40216	40824	608	
[2026-04-14 11:09:05] DEBUG:  	87	+disjointig_17	27298	37293	9995	
[2026-04-14 11:09:05] DEBUG: *	-84	+disjointig_17	37293	52851	15558	
[2026-04-14 11:09:05] DEBUG: *	159	+disjointig_19	49318	53632	4314	
[2026-04-14 11:09:05] DEBUG:  	161	+disjointig_19	53632	63457	9825	
[2026-04-14 11:09:05] DEBUG: *	162	+disjointig_19	63457	66734	3277	
[2026-04-14 11:09:05] DEBUG:  	164	+disjointig_19	66734	105180	38446	
[2026-04-14 11:09:05] DEBUG:  	165	+disjointig_19	105180	106726	1546	
[2026-04-14 11:09:05] DEBUG:  	-318	+disjointig_19	106726	167923	61197	
[2026-04-14 11:09:05] DEBUG:  	-150	+disjointig_19	167923	168533	610	
[2026-04-14 11:09:05] DEBUG:  	168	+disjointig_2	18241	47494	29253	
[2026-04-14 11:09:05] DEBUG: *	320	+disjointig_2	47494	122693	75199	
[2026-04-14 11:09:05] DEBUG:  	168	+disjointig_2	122693	151503	28810	
[2026-04-14 11:09:05] DEBUG: *	172	+disjointig_2	151503	201116	49613	
[2026-04-14 11:09:05] DEBUG:  	173	+disjointig_2	201116	210480	9364	
[2026-04-14 11:09:05] DEBUG: *	-174	+disjointig_2	210480	245033	34553	
[2026-04-14 11:09:05] DEBUG:  	173	+disjointig_2	245033	254358	9325	
[2026-04-14 11:09:05] DEBUG: *	321	+disjointig_2	254358	492884	238526	
[2026-04-14 11:09:05] DEBUG: *	177	+disjointig_2	492884	496791	3907	
[2026-04-14 11:09:05] DEBUG: *	308	+disjointig_2	496791	706667	209876	
[2026-04-14 11:09:05] DEBUG: *	309	+disjointig_2	706667	1002658	295991	
[2026-04-14 11:09:05] DEBUG:  	185	+disjointig_2	1002658	1020502	17844	
[2026-04-14 11:09:05] DEBUG: *	186	+disjointig_2	1020502	1037516	17014	
[2026-04-14 11:09:05] DEBUG: *	322	+disjointig_2	1037516	1076422	38906	
[2026-04-14 11:09:05] DEBUG:  	190	+disjointig_2	1076422	1090008	13586	
[2026-04-14 11:09:05] DEBUG: *	192	+disjointig_2	1090008	1091679	1671	
[2026-04-14 11:09:05] DEBUG:  	-190	+disjointig_2	1091679	1105270	13591	
[2026-04-14 11:09:05] DEBUG: *	323	+disjointig_2	1105270	1191003	85733	
[2026-04-14 11:09:05] DEBUG: *	324	+disjointig_2	1191003	1352240	161237	
[2026-04-14 11:09:05] DEBUG: *	197	+disjointig_2	1352240	1361476	9236	
[2026-04-14 11:09:05] DEBUG: *	325	+disjointig_2	1361476	1783213	421737	
[2026-04-14 11:09:05] DEBUG:  	202	+disjointig_2	1783213	1799756	16543	
[2026-04-14 11:09:05] DEBUG: *	204	+disjointig_2	1799756	1803394	3638	
[2026-04-14 11:09:05] DEBUG:  	-202	+disjointig_2	1803394	1819917	16523	
[2026-04-14 11:09:05] DEBUG: *	326	+disjointig_2	1819917	1887335	67418	
[2026-04-14 11:09:05] DEBUG: *	327	+disjointig_2	1887335	2333581	446246	
[2026-04-14 11:09:05] DEBUG: *	211	+disjointig_2	2333581	2353686	20105	
[2026-04-14 11:09:05] DEBUG:  	213	+disjointig_2	2353686	2370363	16677	
[2026-04-14 11:09:05] DEBUG: *	328	+disjointig_2	2370363	2445978	75615	
[2026-04-14 11:09:05] DEBUG:  	219	+disjointig_2	2445978	2446951	973	
[2026-04-14 11:09:05] DEBUG:  	220	+disjointig_2	2446951	2453198	6247	
[2026-04-14 11:09:05] DEBUG:  	221	+disjointig_2	2453198	2454816	1618	
[2026-04-14 11:09:05] DEBUG:  	223	+disjointig_2	2454816	2463741	8925	
[2026-04-14 11:09:05] DEBUG:  	-221	+disjointig_2	2463741	2465332	1591	
[2026-04-14 11:09:05] DEBUG:  	-220	+disjointig_2	2465332	2472487	7155	
[2026-04-14 11:09:05] DEBUG:  	219	+disjointig_2	2472487	2473460	973	
[2026-04-14 11:09:05] DEBUG:  	220	+disjointig_2	2473460	2479738	6278	
[2026-04-14 11:09:05] DEBUG: *	-317	+disjointig_2	2479738	2754339	274601	
[2026-04-14 11:09:05] DEBUG:  	-143	+disjointig_2	2754339	2756726	2387	
[2026-04-14 11:09:05] DEBUG:  	-142	+disjointig_2	2756726	2757947	1221	
[2026-04-14 11:09:05] DEBUG:  	-141	+disjointig_2	2757947	2760465	2518	
[2026-04-14 11:09:05] DEBUG: *	-316	+disjointig_2	2760465	3427305	666840	
[2026-04-14 11:09:05] DEBUG: *	151	+disjointig_2	3427305	3428920	1615	
[2026-04-14 11:09:05] DEBUG:  	318	+disjointig_2	3428920	3489865	60945	
[2026-04-14 11:09:05] DEBUG:  	-165	+disjointig_2	3489865	3491406	1541	
[2026-04-14 11:09:05] DEBUG: *	166	+disjointig_2	3491406	3495245	3839	
[2026-04-14 11:09:05] DEBUG:  	-165	+disjointig_2	3495245	3496783	1538	
[2026-04-14 11:09:05] DEBUG:  	-164	+disjointig_2	3496783	3535395	38612	
[2026-04-14 11:09:05] DEBUG: *	-163	+disjointig_2	3535395	3538034	2639	
[2026-04-14 11:09:05] DEBUG:  	-161	+disjointig_2	3538034	3548226	10192	
[2026-04-14 11:09:05] DEBUG: *	-160	+disjointig_2	3548226	3549040	814	
[2026-04-14 11:09:05] DEBUG: *	-319	+disjointig_2	3549040	3974338	425298	
[2026-04-14 11:09:05] DEBUG:  	226	+disjointig_2	3974338	4007636	33298	
[2026-04-14 11:09:05] DEBUG:  	329	+disjointig_2	4007636	4015975	8339	
[2026-04-14 11:09:05] DEBUG: *	233	+disjointig_2	4015975	4018345	2370	
[2026-04-14 11:09:05] DEBUG:  	-123	+disjointig_2	4018345	4027640	9295	
[2026-04-14 11:09:05] DEBUG: *	312	+disjointig_2	4027640	4169230	141590	
[2026-04-14 11:09:05] DEBUG: *	330	+disjointig_2	4169230	4533162	363932	
[2026-04-14 11:09:05] DEBUG: *	241	+disjointig_2	4533162	4549896	16734	
[2026-04-14 11:09:05] DEBUG: *	-315	+disjointig_2	4549896	4840826	290930	
[2026-04-14 11:09:05] DEBUG:  	-130	+disjointig_2	4840826	4870323	29497	
[2026-04-14 11:09:05] DEBUG:  	-314	+disjointig_2	4870323	4891026	20703	
[2026-04-14 11:09:05] DEBUG: *	-313	+disjointig_2	4891026	4907932	16906	
[2026-04-14 11:09:05] DEBUG:  	314	+disjointig_2	4907932	4928625	20693	
[2026-04-14 11:09:05] DEBUG:  	131	+disjointig_2	4928625	4962968	34343	
[2026-04-14 11:09:05] DEBUG: *	244	+disjointig_2	4962968	4981166	18198	
[2026-04-14 11:09:05] DEBUG: *	331	+disjointig_2	4981166	5399575	418409	
[2026-04-14 11:09:05] DEBUG: *	249	+disjointig_2	5399575	5402287	2712	
[2026-04-14 11:09:05] DEBUG: *	332	+disjointig_2	5402287	5752189	349902	
[2026-04-14 11:09:05] DEBUG: *	254	+disjointig_2	5752189	5788198	36009	
[2026-04-14 11:09:05] DEBUG:  	256	+disjointig_2	5788198	5796359	8161	
[2026-04-14 11:09:05] DEBUG: *	-229	+disjointig_2	5796359	5829247	32888	
[2026-04-14 11:09:05] DEBUG:  	329	+disjointig_2	5829247	5837630	8383	
[2026-04-14 11:09:05] DEBUG: *	-227	+disjointig_2	5837630	5849962	12332	
[2026-04-14 11:09:05] DEBUG:  	226	+disjointig_2	5849962	5883099	33137	
[2026-04-14 11:09:05] DEBUG:  	329	+disjointig_2	5883099	5891582	8483	
[2026-04-14 11:09:05] DEBUG: *	234	+disjointig_2	5891582	5893807	2225	
[2026-04-14 11:09:05] DEBUG:  	-123	+disjointig_2	5893807	5903131	9324	
[2026-04-14 11:09:05] DEBUG: *	258	+disjointig_20	0	24935	24935	
[2026-04-14 11:09:05] DEBUG: *	184	+disjointig_21	112559	129708	17149	
[2026-04-14 11:09:05] DEBUG:  	185	+disjointig_21	129708	147506	17798	
[2026-04-14 11:09:05] DEBUG: *	187	+disjointig_21	147506	181994	34488	
[2026-04-14 11:09:05] DEBUG: *	-242	+disjointig_23	30821	31401	580	
[2026-04-14 11:09:05] DEBUG:  	-220	+disjointig_25	27208	33487	6279	
[2026-04-14 11:09:05] DEBUG:  	-219	+disjointig_25	33487	34923	1436	
[2026-04-14 11:09:05] DEBUG:  	220	+disjointig_25	34923	41155	6232	
[2026-04-14 11:09:05] DEBUG:  	221	+disjointig_25	41155	42766	1611	
[2026-04-14 11:09:05] DEBUG:  	-223	+disjointig_25	42766	51641	8875	
[2026-04-14 11:09:05] DEBUG:  	-221	+disjointig_25	51641	53203	1562	
[2026-04-14 11:09:05] DEBUG:  	-220	+disjointig_25	53203	59391	6188	
[2026-04-14 11:09:05] DEBUG:  	-219	+disjointig_25	59391	60339	948	
[2026-04-14 11:09:05] DEBUG: *	39	+disjointig_26	67005	122394	55389	
[2026-04-14 11:09:05] DEBUG: *	263	+disjointig_29	11504	27706	16202	
[2026-04-14 11:09:05] DEBUG: *	-230	+disjointig_3	0	20093	20093	
[2026-04-14 11:09:05] DEBUG:  	329	+disjointig_3	20093	28586	8493	
[2026-04-14 11:09:05] DEBUG: *	235	+disjointig_3	28586	348736	320150	
[2026-04-14 11:09:05] DEBUG:  	265	+disjointig_3	348736	356597	7861	
[2026-04-14 11:09:05] DEBUG:  	335	+disjointig_3	356597	360800	4203	
[2026-04-14 11:09:05] DEBUG:  	-266	+disjointig_3	360800	361642	842	
[2026-04-14 11:09:05] DEBUG:  	265	+disjointig_3	361642	369512	7870	
[2026-04-14 11:09:05] DEBUG: *	267	+disjointig_3	369512	390006	20494	
[2026-04-14 11:09:05] DEBUG:  	335	+disjointig_3	390006	394218	4212	
[2026-04-14 11:09:05] DEBUG:  	-266	+disjointig_3	394218	395046	828	
[2026-04-14 11:09:05] DEBUG:  	265	+disjointig_3	395046	402932	7886	
[2026-04-14 11:09:05] DEBUG:  	335	+disjointig_3	402932	407698	4766	
[2026-04-14 11:09:05] DEBUG:  	-266	+disjointig_3	407698	408549	851	
[2026-04-14 11:09:05] DEBUG:  	265	+disjointig_3	408549	416439	7890	
[2026-04-14 11:09:05] DEBUG:  	335	+disjointig_3	416439	420870	4431	
[2026-04-14 11:09:05] DEBUG: *	-334	+disjointig_3	420870	1387095	966225	
[2026-04-14 11:09:05] DEBUG: *	-169	+disjointig_3	1387095	1520213	133118	
[2026-04-14 11:09:05] DEBUG:  	168	+disjointig_3	1520213	1549416	29203	
[2026-04-14 11:09:05] DEBUG: *	-46	+disjointig_32	72233	92886	20653	
[2026-04-14 11:09:05] DEBUG:  	26	+disjointig_33	64101	66832	2731	
[2026-04-14 11:09:05] DEBUG: *	271	+disjointig_33	66832	75396	8564	
[2026-04-14 11:09:05] DEBUG:  	-24	+disjointig_33	75396	84098	8702	
[2026-04-14 11:09:05] DEBUG:  	-294	+disjointig_33	84098	129350	45252	
[2026-04-14 11:09:05] DEBUG: *	274	+disjointig_34	77408	92699	15291	
[2026-04-14 11:09:05] DEBUG:  	337	+disjointig_34	92699	108645	15946	
[2026-04-14 11:09:05] DEBUG: *	-109	+disjointig_34	108645	142579	33934	
[2026-04-14 11:09:05] DEBUG:  	108	+disjointig_34	142579	152534	9955	
[2026-04-14 11:09:05] DEBUG: *	111	+disjointig_34	152534	159649	7115	
[2026-04-14 11:09:05] DEBUG:  	112	+disjointig_34	159649	161656	2007	
[2026-04-14 11:09:05] DEBUG: *	-238	+disjointig_38	0	21025	21025	
[2026-04-14 11:09:05] DEBUG: *	338	+disjointig_4	0	399940	399940	
[2026-04-14 11:09:05] DEBUG: *	339	+disjointig_4	399940	436680	36740	
[2026-04-14 11:09:05] DEBUG:  	-3	+disjointig_4	436680	440581	3901	
[2026-04-14 11:09:05] DEBUG:  	-3	+disjointig_40	6735	10591	3856	
[2026-04-14 11:09:05] DEBUG:  	291	+disjointig_40	10591	26269	15678	
[2026-04-14 11:09:05] DEBUG:  	10	+disjointig_40	26269	27535	1266	
[2026-04-14 11:09:05] DEBUG: *	35	+disjointig_41	71312	81217	9905	
[2026-04-14 11:09:05] DEBUG: *	-214	+disjointig_42	59865	77729	17864	
[2026-04-14 11:09:05] DEBUG:  	-213	+disjointig_42	77729	94651	16922	
[2026-04-14 11:09:05] DEBUG: *	-212	+disjointig_42	94651	98331	3680	
[2026-04-14 11:09:05] DEBUG: *	283	+disjointig_44	0	42310	42310	
[2026-04-14 11:09:05] DEBUG: *	61	+disjointig_46	24145	42689	18544	
[2026-04-14 11:09:05] DEBUG:  	62	+disjointig_46	42689	50536	7847	
[2026-04-14 11:09:05] DEBUG: *	64	+disjointig_46	50536	51613	1077	
[2026-04-14 11:09:05] DEBUG: *	91	+disjointig_48	41371	45088	3717	
[2026-04-14 11:09:05] DEBUG: *	-255	+disjointig_49	0	62653	62653	
[2026-04-14 11:09:05] DEBUG: *	195	+disjointig_5	24998	139227	114229	
[2026-04-14 11:09:05] DEBUG:  	-256	+disjointig_5	139227	147406	8179	
[2026-04-14 11:09:05] DEBUG: *	333	+disjointig_5	147406	162004	14598	
[2026-04-14 11:09:05] DEBUG: *	-96	+disjointig_5	162004	168960	6956	
[2026-04-14 11:09:05] DEBUG:  	95	+disjointig_5	168960	176112	7152	
[2026-04-14 11:09:05] DEBUG: *	98	+disjointig_5	176112	198393	22281	
[2026-04-14 11:09:05] DEBUG: *	-311	+disjointig_5	198393	415605	217212	
[2026-04-14 11:09:05] DEBUG: *	114	+disjointig_5	415605	418142	2537	
[2026-04-14 11:09:05] DEBUG:  	-337	+disjointig_5	418142	434277	16135	
[2026-04-14 11:09:05] DEBUG: *	-336	+disjointig_5	434277	763899	329622	
[2026-04-14 11:09:05] DEBUG:  	284	+disjointig_5	763899	772538	8639	
[2026-04-14 11:09:05] DEBUG: *	286	+disjointig_5	772538	782514	9976	
[2026-04-14 11:09:05] DEBUG:  	-284	+disjointig_5	782514	791139	8625	
[2026-04-14 11:09:05] DEBUG: *	285	+disjointig_5	791139	851817	60678	
[2026-04-14 11:09:05] DEBUG: *	250	+disjointig_50	107666	108474	808	
[2026-04-14 11:09:05] DEBUG: *	206	+disjointig_52	60665	72804	12139	
[2026-04-14 11:09:05] DEBUG: *	281	+disjointig_54	41086	43086	2000	
[2026-04-14 11:09:05] DEBUG:  	-3	+disjointig_54	43086	46913	3827	
[2026-04-14 11:09:05] DEBUG:  	291	+disjointig_54	46913	62749	15836	
[2026-04-14 11:09:05] DEBUG:  	10	+disjointig_54	62749	64024	1275	
[2026-04-14 11:09:05] DEBUG:  	131	+disjointig_55	14919	49139	34220	
[2026-04-14 11:09:05] DEBUG: *	245	+disjointig_55	49139	51911	2772	
[2026-04-14 11:09:05] DEBUG: *	-106	+disjointig_6	0	101512	101512	
[2026-04-14 11:09:05] DEBUG: *	-310	+disjointig_6	101512	916341	814829	
[2026-04-14 11:09:05] DEBUG: *	-178	+disjointig_60	34044	35975	1931	
[2026-04-14 11:09:05] DEBUG:  	26	+disjointig_61	63970	66685	2715	
[2026-04-14 11:09:05] DEBUG: *	272	+disjointig_61	66685	85040	18355	
[2026-04-14 11:09:05] DEBUG:  	-24	+disjointig_61	85040	93479	8439	
[2026-04-14 11:09:05] DEBUG:  	141	+disjointig_62	31481	33883	2402	
[2026-04-14 11:09:05] DEBUG:  	142	+disjointig_62	33883	35115	1232	
[2026-04-14 11:09:05] DEBUG: *	144	+disjointig_62	35115	36031	916	
[2026-04-14 11:09:05] DEBUG: *	-42	+disjointig_7	0	62644	62644	
[2026-04-14 11:09:05] DEBUG: *	287	+disjointig_8	0	58222	58222	
[2026-04-14 11:09:05] DEBUG:  	288	+disjointig_8	58222	68066	9844	
[2026-04-14 11:09:05] DEBUG: *	290	+disjointig_8	68066	86221	18155	
[2026-04-14 11:09:05] DEBUG:  	-288	+disjointig_8	86221	96061	9840	
[2026-04-14 11:09:05] DEBUG: *	289	+disjointig_8	96061	106844	10783	
[2026-04-14 11:09:05] DEBUG: *	-198	+disjointig_9	20282	29550	9268	
[2026-04-14 11:09:05] DEBUG: Total edges: 339
[2026-04-14 11:09:05] INFO: Parsing reads
[2026-04-14 11:10:58] DEBUG: Building positional index
[2026-04-14 11:10:58] DEBUG: Total sequence: 10024814876 bp
[2026-04-14 11:10:58] DEBUG: Building positional index
[2026-04-14 11:10:58] DEBUG: Total sequence: 17313912 bp
[2026-04-14 11:10:58] INFO: Aligning reads to the graph
[2026-04-14 11:11:05] DEBUG: Mean k-mer frequency: 1.10435
[2026-04-14 11:11:05] DEBUG: Repetitive k-mer frequency: 110
[2026-04-14 11:11:05] DEBUG: Filtered 8975 repetitive k-mers (0.000518498)
[2026-04-14 11:11:11] DEBUG: Sorting k-mer index
[2026-04-14 11:11:11] DEBUG: Selected k-mers: 15673950
[2026-04-14 11:11:11] DEBUG: K-mer index size: 17300636
[2026-04-14 11:11:11] DEBUG: Mean k-mer frequency: 1.10378
[2026-04-14 11:11:11] DEBUG: Minimizer rate: 1.00077
